  hi_opencv20.cpp
c:\users\fenglin\source\repos\hi_opencv2.02\hi_opencv2.0\hi_opencv20.h(27): error C3646: “rng”: 未知重写说明符
c:\users\fenglin\source\repos\hi_opencv2.02\hi_opencv2.0\hi_opencv20.h(27): error C4430: 缺少类型说明符 - 假定为 int。注意: C++ 不支持默认 int
c:\users\fenglin\source\repos\hi_opencv2.02\hi_opencv2.0\hi_opencv20.h(32): error C2061: 语法错误: 标识符“Mat”
c:\users\fenglin\source\repos\hi_opencv2.02\hi_opencv2.0\hi_opencv20.h(99): error C3646: “image”: 未知重写说明符
c:\users\fenglin\source\repos\hi_opencv2.02\hi_opencv2.0\hi_opencv20.h(99): error C4430: 缺少类型说明符 - 假定为 int。注意: C++ 不支持默认 int
c:\users\fenglin\source\repos\hi_opencv2.02\hi_opencv2.0\hi_opencv20.h(100): error C3646: “image1”: 未知重写说明符
c:\users\fenglin\source\repos\hi_opencv2.02\hi_opencv2.0\hi_opencv20.h(100): error C4430: 缺少类型说明符 - 假定为 int。注意: C++ 不支持默认 int
c:\users\fenglin\source\repos\hi_opencv2.02\hi_opencv2.0\hi_opencv20.h(101): error C3646: “image2”: 未知重写说明符
c:\users\fenglin\source\repos\hi_opencv2.02\hi_opencv2.0\hi_opencv20.h(101): error C4430: 缺少类型说明符 - 假定为 int。注意: C++ 不支持默认 int
c:\users\fenglin\source\repos\hi_opencv2.02\hi_opencv2.0\hi_opencv20.h(102): error C3646: “image3”: 未知重写说明符
c:\users\fenglin\source\repos\hi_opencv2.02\hi_opencv2.0\hi_opencv20.h(102): error C4430: 缺少类型说明符 - 假定为 int。注意: C++ 不支持默认 int
c:\users\fenglin\source\repos\hi_opencv2.02\hi_opencv2.0\hi_opencv20.h(107): error C2143: 语法错误: 缺少“;”(在“*”的前面)
c:\users\fenglin\source\repos\hi_opencv2.02\hi_opencv2.0\hi_opencv20.h(107): error C4430: 缺少类型说明符 - 假定为 int。注意: C++ 不支持默认 int
c:\users\fenglin\source\repos\hi_opencv2.02\hi_opencv2.0\hi_opencv20.h(107): error C2238: 意外的标记位于“;”之前
c:\users\fenglin\source\repos\hi_opencv2.02\hi_opencv2.0\hi_opencv20.cpp(33): error C2065: “open2”: 未声明的标识符
c:\users\fenglin\source\repos\hi_opencv2.02\hi_opencv2.0\hi_opencv20.cpp(33): error C2061: 语法错误: 标识符“Open2”
c:\users\fenglin\source\repos\hi_opencv2.02\hi_opencv2.0\hi_opencv20.cpp(34): error C2065: “open2”: 未声明的标识符
c:\users\fenglin\source\repos\hi_opencv2.02\hi_opencv2.0\hi_opencv20.cpp(38): error C2511: “int hi_opencv20::image_fit(cv::Mat,double,double)”:“hi_opencv20”中没有找到重载的成员函数
  c:\users\fenglin\source\repos\hi_opencv2.02\hi_opencv2.0\hi_opencv20.h(19): note: 参见“hi_opencv20”的声明
c:\users\fenglin\source\repos\hi_opencv2.02\hi_opencv2.0\hi_opencv20.cpp(45): error C2597: 对非静态成员“hi_opencv20::t”的非法引用
c:\users\fenglin\source\repos\hi_opencv2.02\hi_opencv2.0\hi_opencv20.cpp(49): error C2597: 对非静态成员“hi_opencv20::t”的非法引用
c:\users\fenglin\source\repos\hi_opencv2.02\hi_opencv2.0\hi_opencv20.cpp(51): error C2597: 对非静态成员“hi_opencv20::t”的非法引用
c:\users\fenglin\source\repos\hi_opencv2.02\hi_opencv2.0\hi_opencv20.cpp(74): error C2065: “image”: 未声明的标识符
c:\users\fenglin\source\repos\hi_opencv2.02\hi_opencv2.0\hi_opencv20.cpp(75): error C2065: “image”: 未声明的标识符
c:\users\fenglin\source\repos\hi_opencv2.02\hi_opencv2.0\hi_opencv20.cpp(77): error C2065: “image2”: 未声明的标识符
c:\users\fenglin\source\repos\hi_opencv2.02\hi_opencv2.0\hi_opencv20.cpp(77): error C2065: “image”: 未声明的标识符
c:\users\fenglin\source\repos\hi_opencv2.02\hi_opencv2.0\hi_opencv20.cpp(81): error C2065: “image”: 未声明的标识符
c:\users\fenglin\source\repos\hi_opencv2.02\hi_opencv2.0\hi_opencv20.cpp(82): error C2065: “image”: 未声明的标识符
c:\users\fenglin\source\repos\hi_opencv2.02\hi_opencv2.0\hi_opencv20.cpp(83): error C2065: “image”: 未声明的标识符
c:\users\fenglin\source\repos\hi_opencv2.02\hi_opencv2.0\hi_opencv20.cpp(84): error C2065: “image”: 未声明的标识符
c:\users\fenglin\source\repos\hi_opencv2.02\hi_opencv2.0\hi_opencv20.cpp(86): error C2065: “image”: 未声明的标识符
c:\users\fenglin\source\repos\hi_opencv2.02\hi_opencv2.0\hi_opencv20.cpp(86): error C2440: “<function-style-cast>”: 无法从“QImage::Format”转换为“QImage”
  c:\users\fenglin\source\repos\hi_opencv2.02\hi_opencv2.0\hi_opencv20.cpp(86): note: 无构造函数可以接受源类型，或构造函数重载决策不明确
c:\users\fenglin\source\repos\hi_opencv2.02\hi_opencv2.0\hi_opencv20.cpp(101): error C2065: “image”: 未声明的标识符
c:\users\fenglin\source\repos\hi_opencv2.02\hi_opencv2.0\hi_opencv20.cpp(102): error C2065: “image1”: 未声明的标识符
c:\users\fenglin\source\repos\hi_opencv2.02\hi_opencv2.0\hi_opencv20.cpp(114): error C2065: “image”: 未声明的标识符
c:\users\fenglin\source\repos\hi_opencv2.02\hi_opencv2.0\hi_opencv20.cpp(114): error C2065: “image1”: 未声明的标识符
c:\users\fenglin\source\repos\hi_opencv2.02\hi_opencv2.0\hi_opencv20.cpp(120): error C2065: “image”: 未声明的标识符
c:\users\fenglin\source\repos\hi_opencv2.02\hi_opencv2.0\hi_opencv20.cpp(120): error C2065: “image1”: 未声明的标识符
c:\users\fenglin\source\repos\hi_opencv2.02\hi_opencv2.0\hi_opencv20.cpp(126): error C2065: “image”: 未声明的标识符
c:\users\fenglin\source\repos\hi_opencv2.02\hi_opencv2.0\hi_opencv20.cpp(126): error C2065: “image1”: 未声明的标识符
c:\users\fenglin\source\repos\hi_opencv2.02\hi_opencv2.0\hi_opencv20.cpp(132): error C2065: “image”: 未声明的标识符
c:\users\fenglin\source\repos\hi_opencv2.02\hi_opencv2.0\hi_opencv20.cpp(132): error C2065: “image1”: 未声明的标识符
c:\users\fenglin\source\repos\hi_opencv2.02\hi_opencv2.0\hi_opencv20.cpp(141): error C2065: “image”: 未声明的标识符
c:\users\fenglin\source\repos\hi_opencv2.02\hi_opencv2.0\hi_opencv20.cpp(141): error C2065: “image1”: 未声明的标识符
c:\users\fenglin\source\repos\hi_opencv2.02\hi_opencv2.0\hi_opencv20.cpp(148): error C2065: “image”: 未声明的标识符
c:\users\fenglin\source\repos\hi_opencv2.02\hi_opencv2.0\hi_opencv20.cpp(148): error C2065: “image1”: 未声明的标识符
c:\users\fenglin\source\repos\hi_opencv2.02\hi_opencv2.0\hi_opencv20.cpp(155): error C2065: “image”: 未声明的标识符
c:\users\fenglin\source\repos\hi_opencv2.02\hi_opencv2.0\hi_opencv20.cpp(155): error C2065: “image1”: 未声明的标识符
c:\users\fenglin\source\repos\hi_opencv2.02\hi_opencv2.0\hi_opencv20.cpp(162): error C2065: “image”: 未声明的标识符
c:\users\fenglin\source\repos\hi_opencv2.02\hi_opencv2.0\hi_opencv20.cpp(162): error C2065: “image1”: 未声明的标识符
c:\users\fenglin\source\repos\hi_opencv2.02\hi_opencv2.0\hi_opencv20.cpp(169): error C2065: “image”: 未声明的标识符
c:\users\fenglin\source\repos\hi_opencv2.02\hi_opencv2.0\hi_opencv20.cpp(169): error C2065: “image1”: 未声明的标识符
c:\users\fenglin\source\repos\hi_opencv2.02\hi_opencv2.0\hi_opencv20.cpp(176): error C2065: “image”: 未声明的标识符
c:\users\fenglin\source\repos\hi_opencv2.02\hi_opencv2.0\hi_opencv20.cpp(176): error C2065: “image1”: 未声明的标识符
c:\users\fenglin\source\repos\hi_opencv2.02\hi_opencv2.0\hi_opencv20.cpp(183): error C2065: “image”: 未声明的标识符
c:\users\fenglin\source\repos\hi_opencv2.02\hi_opencv2.0\hi_opencv20.cpp(183): error C2065: “image1”: 未声明的标识符
c:\users\fenglin\source\repos\hi_opencv2.02\hi_opencv2.0\hi_opencv20.cpp(194): error C2065: “image2”: 未声明的标识符
c:\users\fenglin\source\repos\hi_opencv2.02\hi_opencv2.0\hi_opencv20.cpp(195): error C2065: “image2”: 未声明的标识符
c:\users\fenglin\source\repos\hi_opencv2.02\hi_opencv2.0\hi_opencv20.cpp(196): error C2065: “image2”: 未声明的标识符
c:\users\fenglin\source\repos\hi_opencv2.02\hi_opencv2.0\hi_opencv20.cpp(196): error C2065: “image1”: 未声明的标识符
c:\users\fenglin\source\repos\hi_opencv2.02\hi_opencv2.0\hi_opencv20.cpp(203): error C2065: “image1”: 未声明的标识符
c:\users\fenglin\source\repos\hi_opencv2.02\hi_opencv2.0\hi_opencv20.cpp(213): error C2065: “image”: 未声明的标识符
c:\users\fenglin\source\repos\hi_opencv2.02\hi_opencv2.0\hi_opencv20.cpp(213): error C2065: “image1”: 未声明的标识符
c:\users\fenglin\source\repos\hi_opencv2.02\hi_opencv2.0\hi_opencv20.cpp(223): error C2065: “image”: 未声明的标识符
c:\users\fenglin\source\repos\hi_opencv2.02\hi_opencv2.0\hi_opencv20.cpp(223): error C2065: “image1”: 未声明的标识符
c:\users\fenglin\source\repos\hi_opencv2.02\hi_opencv2.0\hi_opencv20.cpp(229): error C2065: “image”: 未声明的标识符
c:\users\fenglin\source\repos\hi_opencv2.02\hi_opencv2.0\hi_opencv20.cpp(229): error C2065: “image1”: 未声明的标识符
c:\users\fenglin\source\repos\hi_opencv2.02\hi_opencv2.0\hi_opencv20.cpp(235): error C2065: “image”: 未声明的标识符
c:\users\fenglin\source\repos\hi_opencv2.02\hi_opencv2.0\hi_opencv20.cpp(235): error C2065: “image1”: 未声明的标识符
c:\users\fenglin\source\repos\hi_opencv2.02\hi_opencv2.0\hi_opencv20.cpp(241): error C2065: “image”: 未声明的标识符
c:\users\fenglin\source\repos\hi_opencv2.02\hi_opencv2.0\hi_opencv20.cpp(241): error C2065: “image1”: 未声明的标识符
c:\users\fenglin\source\repos\hi_opencv2.02\hi_opencv2.0\hi_opencv20.cpp(247): error C2065: “image”: 未声明的标识符
c:\users\fenglin\source\repos\hi_opencv2.02\hi_opencv2.0\hi_opencv20.cpp(247): error C2065: “image1”: 未声明的标识符
c:\users\fenglin\source\repos\hi_opencv2.02\hi_opencv2.0\hi_opencv20.cpp(253): error C2065: “image”: 未声明的标识符
c:\users\fenglin\source\repos\hi_opencv2.02\hi_opencv2.0\hi_opencv20.cpp(253): error C2065: “image1”: 未声明的标识符
c:\users\fenglin\source\repos\hi_opencv2.02\hi_opencv2.0\hi_opencv20.cpp(281): error C2065: “image1”: 未声明的标识符
c:\users\fenglin\source\repos\hi_opencv2.02\hi_opencv2.0\hi_opencv20.cpp(281): error C2065: “image”: 未声明的标识符
c:\users\fenglin\source\repos\hi_opencv2.02\hi_opencv2.0\hi_opencv20.cpp(281): error C2440: “<function-style-cast>”: 无法从“QImage::Format”转换为“QImage”
  c:\users\fenglin\source\repos\hi_opencv2.02\hi_opencv2.0\hi_opencv20.cpp(281): note: 无构造函数可以接受源类型，或构造函数重载决策不明确
c:\users\fenglin\source\repos\hi_opencv2.02\hi_opencv2.0\hi_opencv20.cpp(297): error C2065: “image”: 未声明的标识符
c:\users\fenglin\source\repos\hi_opencv2.02\hi_opencv2.0\hi_opencv20.cpp(297): error C2065: “image1”: 未声明的标识符
c:\users\fenglin\source\repos\hi_opencv2.02\hi_opencv2.0\hi_opencv20.cpp(303): error C2065: “image”: 未声明的标识符
c:\users\fenglin\source\repos\hi_opencv2.02\hi_opencv2.0\hi_opencv20.cpp(303): error C2065: “image1”: 未声明的标识符
c:\users\fenglin\source\repos\hi_opencv2.02\hi_opencv2.0\hi_opencv20.cpp(309): error C2065: “image”: 未声明的标识符
c:\users\fenglin\source\repos\hi_opencv2.02\hi_opencv2.0\hi_opencv20.cpp(309): error C2065: “image1”: 未声明的标识符
c:\users\fenglin\source\repos\hi_opencv2.02\hi_opencv2.0\hi_opencv20.cpp(315): error C2065: “image”: 未声明的标识符
c:\users\fenglin\source\repos\hi_opencv2.02\hi_opencv2.0\hi_opencv20.cpp(315): error C2065: “image1”: 未声明的标识符
c:\users\fenglin\source\repos\hi_opencv2.02\hi_opencv2.0\hi_opencv20.cpp(322): error C2065: “image1”: 未声明的标识符
c:\users\fenglin\source\repos\hi_opencv2.02\hi_opencv2.0\hi_opencv20.cpp(322): error C2065: “image”: 未声明的标识符
c:\users\fenglin\source\repos\hi_opencv2.02\hi_opencv2.0\hi_opencv20.cpp(322): error C2440: “<function-style-cast>”: 无法从“QImage::Format”转换为“QImage”
  c:\users\fenglin\source\repos\hi_opencv2.02\hi_opencv2.0\hi_opencv20.cpp(322): note: 无构造函数可以接受源类型，或构造函数重载决策不明确
c:\users\fenglin\source\repos\hi_opencv2.02\hi_opencv2.0\hi_opencv20.cpp(329): error C2039: “hideSlider”: 不是“hi_opencv20”的成员
  c:\users\fenglin\source\repos\hi_opencv2.02\hi_opencv2.0\hi_opencv20.h(19): note: 参见“hi_opencv20”的声明
c:\users\fenglin\source\repos\hi_opencv2.02\hi_opencv2.0\hi_opencv20.cpp(331): error C2065: “ui”: 未声明的标识符
c:\users\fenglin\source\repos\hi_opencv2.02\hi_opencv2.0\hi_opencv20.cpp(332): error C2065: “ui”: 未声明的标识符
c:\users\fenglin\source\repos\hi_opencv2.02\hi_opencv2.0\hi_opencv20.cpp(472): error C2065: “image”: 未声明的标识符
c:\users\fenglin\source\repos\hi_opencv2.02\hi_opencv2.0\hi_opencv20.cpp(472): error C2065: “image2”: 未声明的标识符
c:\users\fenglin\source\repos\hi_opencv2.02\hi_opencv2.0\hi_opencv20.cpp(482): error C2065: “image1”: 未声明的标识符
c:\users\fenglin\source\repos\hi_opencv2.02\hi_opencv2.0\hi_opencv20.cpp(482): error C2065: “image”: 未声明的标识符
c:\users\fenglin\source\repos\hi_opencv2.02\hi_opencv2.0\hi_opencv20.cpp(499): error C2065: “image1”: 未声明的标识符
c:\users\fenglin\source\repos\hi_opencv2.02\hi_opencv2.0\hi_opencv20.cpp(501): error C2065: “image1”: 未声明的标识符
c:\users\fenglin\source\repos\hi_opencv2.02\hi_opencv2.0\hi_opencv20.cpp(501): error C2065: “image”: 未声明的标识符
c:\users\fenglin\source\repos\hi_opencv2.02\hi_opencv2.0\hi_opencv20.cpp(504): error C2065: “image1”: 未声明的标识符
c:\users\fenglin\source\repos\hi_opencv2.02\hi_opencv2.0\hi_opencv20.cpp(504): error C2065: “image”: 未声明的标识符
c:\users\fenglin\source\repos\hi_opencv2.02\hi_opencv2.0\hi_opencv20.cpp(509): error C2065: “image1”: 未声明的标识符
c:\users\fenglin\source\repos\hi_opencv2.02\hi_opencv2.0\hi_opencv20.cpp(510): error C2065: “image1”: 未声明的标识符
c:\users\fenglin\source\repos\hi_opencv2.02\hi_opencv2.0\hi_opencv20.cpp(513): error C2065: “image1”: 未声明的标识符
c:\users\fenglin\source\repos\hi_opencv2.02\hi_opencv2.0\hi_opencv20.cpp(514): error C2065: “image1”: 未声明的标识符
c:\users\fenglin\source\repos\hi_opencv2.02\hi_opencv2.0\hi_opencv20.cpp(525): error C2065: “image1”: 未声明的标识符
c:\users\fenglin\source\repos\hi_opencv2.02\hi_opencv2.0\hi_opencv20.cpp(527): error C2065: “image1”: 未声明的标识符
c:\users\fenglin\source\repos\hi_opencv2.02\hi_opencv2.0\hi_opencv20.cpp(527): error C2440: “<function-style-cast>”: 无法从“QImage::Format”转换为“QImage”
c:\users\fenglin\source\repos\hi_opencv2.02\hi_opencv2.0\hi_opencv20.cpp(527): fatal error C1003: 错误计数超过 100；正在停止编译
