c:\users\w\desktop\草稿\新建文件夹 (2)\hi_opencv2.0\hi_opencv2.0\x64\debug\moc_hi_opencv20.obj
c:\users\w\desktop\草稿\新建文件夹 (2)\hi_opencv2.0\hi_opencv2.0\x64\debug\moc_hi_opencv20.asm
c:\users\w\desktop\草稿\新建文件夹 (2)\hi_opencv2.0\hi_opencv2.0\x64\debug\qrc_hi_opencv20.obj
c:\users\w\desktop\草稿\新建文件夹 (2)\hi_opencv2.0\hi_opencv2.0\x64\debug\qrc_hi_opencv20.asm
c:\users\w\desktop\草稿\新建文件夹 (2)\hi_opencv2.0\hi_opencv2.0\x64\debug\main.obj
c:\users\w\desktop\草稿\新建文件夹 (2)\hi_opencv2.0\hi_opencv2.0\x64\debug\open2.obj
c:\users\w\desktop\草稿\新建文件夹 (2)\hi_opencv2.0\hi_opencv2.0\x64\debug\moc_open2.obj
c:\users\w\desktop\草稿\新建文件夹 (2)\hi_opencv2.0\hi_opencv2.0\x64\debug\moc_open2.asm
c:\users\w\desktop\草稿\新建文件夹 (2)\hi_opencv2.0\hi_opencv2.0\x64\debug\vc141.pdb
c:\users\w\desktop\草稿\新建文件夹 (2)\hi_opencv2.0\hi_opencv2.0\x64\debug\hi_opencv20.obj
c:\users\w\desktop\草稿\新建文件夹 (2)\hi_opencv2.0\hi_opencv2.0\generatedfiles\ui_hi_opencv20.h
c:\users\w\desktop\草稿\新建文件夹 (2)\hi_opencv2.0\hi_opencv2.0\generatedfiles\ui_open2.h
c:\users\w\desktop\草稿\新建文件夹 (2)\hi_opencv2.0\hi_opencv2.0\generatedfiles\qrc_hi_opencv20.cpp
c:\users\w\desktop\草稿\新建文件夹 (2)\hi_opencv2.0\hi_opencv2.0\generatedfiles\debug\moc_hi_opencv20.cpp
c:\users\w\desktop\草稿\新建文件夹 (2)\hi_opencv2.0\hi_opencv2.0\generatedfiles\debug\moc_open2.cpp
c:\users\w\desktop\草稿\新建文件夹 (2)\hi_opencv2.0\x64\debug\hi_opencv2.0.exe
c:\users\w\desktop\草稿\新建文件夹 (2)\hi_opencv2.0\x64\debug\hi_opencv2.0.ilk
c:\users\w\desktop\草稿\新建文件夹 (2)\hi_opencv2.0\x64\debug\hi_opencv2.0.pdb
c:\users\w\desktop\草稿\新建文件夹 (2)\hi_opencv2.0\hi_opencv2.0\.\generatedfiles\debug\moc_hi_opencv20.cpp
c:\users\w\desktop\草稿\新建文件夹 (2)\hi_opencv2.0\hi_opencv2.0\.\generatedfiles\debug\moc_open2.cpp
c:\users\w\desktop\草稿\新建文件夹 (2)\hi_opencv2.0\hi_opencv2.0\.\generatedfiles\qrc_hi_opencv20.cpp
c:\users\w\desktop\草稿\新建文件夹 (2)\hi_opencv2.0\hi_opencv2.0\.\generatedfiles\ui_hi_opencv20.h
c:\users\w\desktop\草稿\新建文件夹 (2)\hi_opencv2.0\hi_opencv2.0\.\generatedfiles\ui_open2.h
c:\users\w\desktop\草稿\新建文件夹 (2)\hi_opencv2.0\hi_opencv2.0\x64\debug\hi_opencv2.0.tlog\cl.command.1.tlog
c:\users\w\desktop\草稿\新建文件夹 (2)\hi_opencv2.0\hi_opencv2.0\x64\debug\hi_opencv2.0.tlog\cl.read.1.tlog
c:\users\w\desktop\草稿\新建文件夹 (2)\hi_opencv2.0\hi_opencv2.0\x64\debug\hi_opencv2.0.tlog\cl.write.1.tlog
c:\users\w\desktop\草稿\新建文件夹 (2)\hi_opencv2.0\hi_opencv2.0\x64\debug\hi_opencv2.0.tlog\hi_opencv2.0.write.1u.tlog
c:\users\w\desktop\草稿\新建文件夹 (2)\hi_opencv2.0\hi_opencv2.0\x64\debug\hi_opencv2.0.tlog\link.command.1.tlog
c:\users\w\desktop\草稿\新建文件夹 (2)\hi_opencv2.0\hi_opencv2.0\x64\debug\hi_opencv2.0.tlog\link.read.1.tlog
c:\users\w\desktop\草稿\新建文件夹 (2)\hi_opencv2.0\hi_opencv2.0\x64\debug\hi_opencv2.0.tlog\link.write.1.tlog
c:\users\w\desktop\草稿\新建文件夹 (2)\hi_opencv2.0\hi_opencv2.0\x64\debug\hi_opencv2.0.tlog\moc.read.1u.tlog
c:\users\w\desktop\草稿\新建文件夹 (2)\hi_opencv2.0\hi_opencv2.0\x64\debug\hi_opencv2.0.tlog\moc.write.1u.tlog
c:\users\w\desktop\草稿\新建文件夹 (2)\hi_opencv2.0\hi_opencv2.0\x64\debug\hi_opencv2.0.tlog\rcc.read.1u.tlog
c:\users\w\desktop\草稿\新建文件夹 (2)\hi_opencv2.0\hi_opencv2.0\x64\debug\hi_opencv2.0.tlog\rcc.write.1u.tlog
c:\users\w\desktop\草稿\新建文件夹 (2)\hi_opencv2.0\hi_opencv2.0\x64\debug\hi_opencv2.0.tlog\uic.read.1u.tlog
c:\users\w\desktop\草稿\新建文件夹 (2)\hi_opencv2.0\hi_opencv2.0\x64\debug\hi_opencv2.0.tlog\uic.write.1u.tlog
